<?xml version="1.0" encoding="UTF-8"?>
<!-- Generated by org.testng.reporters.JUnitReportReporter -->
<testsuite skipped="0" hostname="RadheShyamGupta" name="com.bash.Testing" tests="1" failures="0" timestamp="2021-09-10T19:25:50 IST" time="0.042" errors="0">
  <testcase name="main" time="0.042" classname="com.bash.Testing"/>
  <system-out/>
</testsuite> <!-- com.bash.Testing -->
